<?xml version="1.0" encoding="UTF-8"?>
<!-- Generated by org.testng.reporters.JUnitReportReporter -->
<testsuite hostname="DESKTOP-J8351P7" failures="0" tests="1" name="com.inetBanking.testCases.TC_AddCustomerTest_003" time="10.967" errors="0" timestamp="2021-09-10T11:03:35 IST" skipped="0">
  <testcase classname="com.inetBanking.testCases.TC_AddCustomerTest_003" name="addNewCustomer" time="10.967"/>
  <system-out/>
</testsuite> <!-- com.inetBanking.testCases.TC_AddCustomerTest_003 -->
